Using pre-set license
Built from '2020.3/staging' branch; Version is '2020.3.26f1 (7298b473bc1a) revision 7510196'; Using compiler version '192528614'; Build Type 'Release'
OS: 'Windows 10  (10.0.19044) 64bit Core' Language: 'en' Physical Memory: 12190 MB
BatchMode: 1, IsHumanControllingUs: 0, StartBugReporterOnCrash: 0, Is64bit: 1, IsPro: 0

COMMAND LINE ARGUMENTS:
C:\Program Files\Unity\Hub\Editor\2020.3.26f1\Editor\Unity.exe
-adb2
-batchMode
-noUpm
-name
AssetImportWorker0
-projectPath
C:/Mambwe School/Practice/AIProject/scriptingProject
-logFile
Logs/AssetImportWorker0.log
-srvPort
58807
Successfully changed project path to: C:/Mambwe School/Practice/AIProject/scriptingProject
C:/Mambwe School/Practice/AIProject/scriptingProject
Using Asset Import Pipeline V2.
Refreshing native plugins compatible for Editor in 40.90 ms, found 2 plugins.
Preloading 0 native plugins for Editor in 0.00 ms.
Initialize engine version: 2020.3.26f1 (7298b473bc1a)
[Subsystems] Discovering subsystems at path C:/Program Files/Unity/Hub/Editor/2020.3.26f1/Editor/Data/Resources/UnitySubsystems
[Subsystems] Discovering subsystems at path C:/Mambwe School/Practice/AIProject/scriptingProject/Assets
GfxDevice: creating device client; threaded=0
Direct3D:
    Version:  Direct3D 11.0 [level 11.1]
    Renderer: Intel(R) HD Graphics 530 (ID=0x1912)
    Vendor:   
    VRAM:     6095 MB
    Driver:   26.20.100.7263
Initialize mono
Mono path[0] = 'C:/Program Files/Unity/Hub/Editor/2020.3.26f1/Editor/Data/Managed'
Mono path[1] = 'C:/Program Files/Unity/Hub/Editor/2020.3.26f1/Editor/Data/MonoBleedingEdge/lib/mono/unityjit'
Mono config path = 'C:/Program Files/Unity/Hub/Editor/2020.3.26f1/Editor/Data/MonoBleedingEdge/etc'
Using monoOptions --debugger-agent=transport=dt_socket,embedding=1,server=y,suspend=n,address=127.0.0.1:56688
Begin MonoManager ReloadAssembly
Registering precompiled unity dll's ...
Register platform support module: C:/Program Files/Unity/Hub/Editor/2020.3.26f1/Editor/Data/PlaybackEngines/WindowsStandaloneSupport/UnityEditor.WindowsStandalone.Extensions.dll
Registered in 0.003204 seconds.
Native extension for WindowsStandalone target not found
Refreshing native plugins compatible for Editor in 66.62 ms, found 2 plugins.
Preloading 0 native plugins for Editor in 0.00 ms.
Mono: successfully reloaded assembly
- Completed reload, in  0.824 seconds
Domain Reload Profiling:
	ReloadAssembly (824ms)
		BeginReloadAssembly (93ms)
			ExecutionOrderSort (0ms)
			DisableScriptedObjects (0ms)
			BackupInstance (0ms)
			ReleaseScriptingObjects (0ms)
			CreateAndSetChildDomain (1ms)
		EndReloadAssembly (630ms)
			LoadAssemblies (90ms)
			RebuildTransferFunctionScriptingTraits (0ms)
			SetupTypeCache (197ms)
			ReleaseScriptCaches (0ms)
			RebuildScriptCaches (43ms)
			SetupLoadedEditorAssemblies (247ms)
				LogAssemblyErrors (0ms)
				InitializePlatformSupportModulesInManaged (5ms)
				SetLoadedEditorAssemblies (0ms)
				RefreshPlugins (67ms)
				BeforeProcessingInitializeOnLoad (22ms)
				ProcessInitializeOnLoadAttributes (105ms)
				ProcessInitializeOnLoadMethodAttributes (48ms)
				AfterProcessingInitializeOnLoad (0ms)
				EditorAssembliesLoaded (0ms)
			ExecutionOrderSort2 (0ms)
			AwakeInstancesAfterBackupRestoration (0ms)
Platform modules already initialized, skipping
Registering precompiled user dll's ...
Registered in 0.007724 seconds.
Begin MonoManager ReloadAssembly
Native extension for WindowsStandalone target not found
Refreshing native plugins compatible for Editor in 0.68 ms, found 2 plugins.
Preloading 0 native plugins for Editor in 0.00 ms.
Mono: successfully reloaded assembly
- Completed reload, in  1.381 seconds
Domain Reload Profiling:
	ReloadAssembly (1382ms)
		BeginReloadAssembly (196ms)
			ExecutionOrderSort (0ms)
			DisableScriptedObjects (6ms)
			BackupInstance (0ms)
			ReleaseScriptingObjects (0ms)
			CreateAndSetChildDomain (24ms)
		EndReloadAssembly (1109ms)
			LoadAssemblies (117ms)
			RebuildTransferFunctionScriptingTraits (0ms)
			SetupTypeCache (354ms)
			ReleaseScriptCaches (0ms)
			RebuildScriptCaches (63ms)
			SetupLoadedEditorAssemblies (468ms)
				LogAssemblyErrors (0ms)
				InitializePlatformSupportModulesInManaged (9ms)
				SetLoadedEditorAssemblies (1ms)
				RefreshPlugins (1ms)
				BeforeProcessingInitializeOnLoad (117ms)
				ProcessInitializeOnLoadAttributes (317ms)
				ProcessInitializeOnLoadMethodAttributes (12ms)
				AfterProcessingInitializeOnLoad (11ms)
				EditorAssembliesLoaded (0ms)
			ExecutionOrderSort2 (0ms)
			AwakeInstancesAfterBackupRestoration (8ms)
Platform modules already initialized, skipping
========================================================================
Worker process is ready to serve import requests
Launched and connected shader compiler UnityShaderCompiler.exe after 0.15 seconds
Refreshing native plugins compatible for Editor in 0.36 ms, found 2 plugins.
Preloading 0 native plugins for Editor in 0.00 ms.
Unloading 1657 Unused Serialized files (Serialized files now loaded: 0)
System memory in use before: 73.7 MB.
System memory in use after: 73.8 MB.

Unloading 20 unused Assets to reduce memory usage. Loaded Objects now: 2090.
Total: 3.003700 ms (FindLiveObjects: 0.173900 ms CreateObjectMapping: 0.063700 ms MarkObjects: 2.693300 ms  DeleteObjects: 0.071800 ms)

AssetImportParameters requested are different than current active one (requested -> active):
  custom:framework-win-MediaFoundation: 216162199b28c13a410421893ffa2e32 -> 
  custom:video-decoder-ogg-theora: a1e56fd34408186e4bbccfd4996cb3dc -> 
  custom:container-muxer-webm: aa71ff27fc2769a1b78a27578f13a17b -> 
  custom:container-demuxer-webm: 4f35f7cbe854078d1ac9338744f61a02 -> 
  custom:container-demuxer-ogg: 62fdf1f143b41e24485cea50d1cbac27 -> 
  custom:video-encoder-webm-vp8: eb34c28f22e8b96e1ab97ce403110664 -> 
  custom:video-codec-MediaFoundation-h265: 746d11721c4dcdbdad8f713fa42b33f4 -> 
  custom:video-decoder-webm-vp8: 9c59270c3fd7afecdb556c50c9e8de78 -> 
  custom:audio-decoder-ogg-vorbis: bf7c407c2cedff20999df2af8eb42d56 -> 
  custom:audio-encoder-webm-vorbis: bf7c407c2cedff20999df2af8eb42d56 -> 
========================================================================
Received Import Request.
  path: Assets/Scripts2
  artifactKey: Guid(940019dbebd4d1e419bba05453938c8e) Importer(815301076,1909f56bfc062723c751e8b465ee728b)
Start importing Assets/Scripts2 using Guid(940019dbebd4d1e419bba05453938c8e) Importer(815301076,1909f56bfc062723c751e8b465ee728b)  -> (artifact id: '27344e004221d6060e1164e980881ad9') in 0.012381 seconds 
  Import took 0.015232 seconds .

========================================================================
Received Import Request.
  Time since last request: 49.128103 seconds.
  path: Assets/Scripts2/NewBehaviourScript.cs
  artifactKey: Guid(20d4e6b46f64bcd4eb05c78a068cc466) Importer(815301076,1909f56bfc062723c751e8b465ee728b)
Start importing Assets/Scripts2/NewBehaviourScript.cs using Guid(20d4e6b46f64bcd4eb05c78a068cc466) Importer(815301076,1909f56bfc062723c751e8b465ee728b)  -> (artifact id: 'd336b366f0f2c7675c284751831b50e1') in 0.054721 seconds 
  Import took 0.058116 seconds .

========================================================================
Received Import Request.
  Time since last request: 19.507701 seconds.
  path: Assets/Scripts2/CameraRaycasting.cs
  artifactKey: Guid(20d4e6b46f64bcd4eb05c78a068cc466) Importer(815301076,1909f56bfc062723c751e8b465ee728b)
Start importing Assets/Scripts2/CameraRaycasting.cs using Guid(20d4e6b46f64bcd4eb05c78a068cc466) Importer(815301076,1909f56bfc062723c751e8b465ee728b)  -> (artifact id: 'a93113366e643c8d40f3dca4d54de5eb') in 0.009824 seconds 
  Import took 0.013450 seconds .

========================================================================
Received Import Request.
  Time since last request: 730.606376 seconds.
  path: Assets/Scripts2/CameraRaycasting.cs
  artifactKey: Guid(20d4e6b46f64bcd4eb05c78a068cc466) Importer(815301076,1909f56bfc062723c751e8b465ee728b)
Start importing Assets/Scripts2/CameraRaycasting.cs using Guid(20d4e6b46f64bcd4eb05c78a068cc466) Importer(815301076,1909f56bfc062723c751e8b465ee728b)  -> (artifact id: '33672f376b3d529c56d46ffe7370cc92') in 0.004856 seconds 
  Import took 0.047699 seconds .

========================================================================
Received Import Request.
  Time since last request: 366.104097 seconds.
  path: Assets/Scripts2/PlayerInteraction.cs
  artifactKey: Guid(01cd974b77d295146926331c87e8f8fe) Importer(815301076,1909f56bfc062723c751e8b465ee728b)
Start importing Assets/Scripts2/PlayerInteraction.cs using Guid(01cd974b77d295146926331c87e8f8fe) Importer(815301076,1909f56bfc062723c751e8b465ee728b)  -> (artifact id: '1c501d52db5dad1cd69d1a472d05a274') in 0.018253 seconds 
  Import took 0.071754 seconds .

========================================================================
Received Import Request.
  Time since last request: 41.217690 seconds.
  path: Assets/Scripts2/PlayerInteraction.cs
  artifactKey: Guid(01cd974b77d295146926331c87e8f8fe) Importer(815301076,1909f56bfc062723c751e8b465ee728b)
Start importing Assets/Scripts2/PlayerInteraction.cs using Guid(01cd974b77d295146926331c87e8f8fe) Importer(815301076,1909f56bfc062723c751e8b465ee728b)  -> (artifact id: 'f8038cfb090c19d2a29fda80e3056d7d') in 0.020136 seconds 
  Import took 0.099577 seconds .

========================================================================
Received Import Request.
  Time since last request: 143.763129 seconds.
  path: Assets/Scripts2/PlayerInteraction.cs
  artifactKey: Guid(01cd974b77d295146926331c87e8f8fe) Importer(815301076,1909f56bfc062723c751e8b465ee728b)
Start importing Assets/Scripts2/PlayerInteraction.cs using Guid(01cd974b77d295146926331c87e8f8fe) Importer(815301076,1909f56bfc062723c751e8b465ee728b)  -> (artifact id: '614bc97928972b25d489f27af8945faa') in 0.005352 seconds 
  Import took 0.045677 seconds .

========================================================================
Received Import Request.
  Time since last request: 30.862149 seconds.
  path: Assets/Scripts2/InteractionInventory.cs
  artifactKey: Guid(7a1e2b6ed3b94f741b9a8ca13184b975) Importer(815301076,1909f56bfc062723c751e8b465ee728b)
Start importing Assets/Scripts2/InteractionInventory.cs using Guid(7a1e2b6ed3b94f741b9a8ca13184b975) Importer(815301076,1909f56bfc062723c751e8b465ee728b)  -> (artifact id: '18fd1880e89eed6665492db60717e6ba') in 0.017045 seconds 
  Import took 0.293187 seconds .

========================================================================
Received Import Request.
  Time since last request: 98.302993 seconds.
  path: Assets/Scripts2/InteractionInventory.cs
  artifactKey: Guid(7a1e2b6ed3b94f741b9a8ca13184b975) Importer(815301076,1909f56bfc062723c751e8b465ee728b)
Start importing Assets/Scripts2/InteractionInventory.cs using Guid(7a1e2b6ed3b94f741b9a8ca13184b975) Importer(815301076,1909f56bfc062723c751e8b465ee728b)  -> (artifact id: '6cdc51123561ce177b74f204b6dc6ac2') in 0.005474 seconds 
  Import took 0.044353 seconds .

========================================================================
Received Import Request.
  Time since last request: 101.707505 seconds.
  path: Assets/Scripts2/InteractionObject.cs
  artifactKey: Guid(f6581ca82d14a404187b2ef8023a8b29) Importer(815301076,1909f56bfc062723c751e8b465ee728b)
Start importing Assets/Scripts2/InteractionObject.cs using Guid(f6581ca82d14a404187b2ef8023a8b29) Importer(815301076,1909f56bfc062723c751e8b465ee728b)  -> (artifact id: 'c7823a644e7c4e44e1ab90fc9bb59229') in 0.013773 seconds 
  Import took 0.055654 seconds .

========================================================================
Received Import Request.
  Time since last request: 683.628605 seconds.
  path: Assets/Scripts2/InteractionObject.cs
  artifactKey: Guid(f6581ca82d14a404187b2ef8023a8b29) Importer(815301076,1909f56bfc062723c751e8b465ee728b)
Start importing Assets/Scripts2/InteractionObject.cs using Guid(f6581ca82d14a404187b2ef8023a8b29) Importer(815301076,1909f56bfc062723c751e8b465ee728b)  -> (artifact id: '8dcf38a9af871305b6dd8d328b380c17') in 0.006928 seconds 
  Import took 0.035055 seconds .

AssetImportWorkerClient::OnTransportError - code=2 error=End of file
